<?xml version="1.0" encoding="UTF-8"?>
<!-- Generated by org.testng.reporters.JUnitXMLReporter -->
<testsuite ignored="12" hostname="Sushanta" failures="0" tests="7" name="Test" time="199.893" errors="0" timestamp="2023-10-16T22:11:45 IST">
  <testcase classname="testNGtest.TC_06_DeleteLeaveTypeAndLogout" name="TC_06" time="11.896"/>
  <testcase classname="testNGtest.TC_03_CreateWorkandLogout" name="TC_03" time="15.116"/>
  <testcase classname="testNGtest.TC_07_CreateUser" name="TC_07" time="12.335"/>
  <testcase classname="testNGtest.TC_05_CreateLeaveTypeAndLogout" name="TC_05" time="11.213"/>
  <testcase classname="testNGtest.TC_01_loginAndLogout" name="loginAndLogout" time="0.002"/>
  <testcase classname="testNGtest.TC_02_CreateNewCx" name="CreateNewCx" time="10.995"/>
  <testcase classname="testNGtest.TC_04_DeleteTypeOfWork" name="TC_04_deleteTypeOfWork" time="15.306"/>
  <testcase classname="generics.BaseTest" name="@BeforeSuite executionStart" time="0.0">
    <ignored/>
  </testcase> <!-- @BeforeSuite executionStart -->
  <testcase classname="generics.BaseTest" name="@AfterSuite executionComplete" time="0.0">
    <ignored/>
  </testcase> <!-- @AfterSuite executionComplete -->
  <testcase classname="generics.BaseTest" name="@AfterSuite executionComplete" time="0.0">
    <ignored/>
  </testcase> <!-- @AfterSuite executionComplete -->
  <testcase classname="generics.BaseTest" name="@BeforeSuite executionStart" time="0.0">
    <ignored/>
  </testcase> <!-- @BeforeSuite executionStart -->
  <testcase classname="generics.BaseTest" name="@BeforeSuite executionStart" time="0.0">
    <ignored/>
  </testcase> <!-- @BeforeSuite executionStart -->
  <testcase classname="generics.BaseTest" name="@AfterSuite executionComplete" time="0.0">
    <ignored/>
  </testcase> <!-- @AfterSuite executionComplete -->
  <testcase classname="generics.BaseTest" name="@BeforeSuite executionStart" time="0.0">
    <ignored/>
  </testcase> <!-- @BeforeSuite executionStart -->
  <testcase classname="generics.BaseTest" name="@AfterSuite executionComplete" time="0.0">
    <ignored/>
  </testcase> <!-- @AfterSuite executionComplete -->
  <testcase classname="generics.BaseTest" name="@BeforeSuite executionStart" time="0.0">
    <ignored/>
  </testcase> <!-- @BeforeSuite executionStart -->
  <testcase classname="generics.BaseTest" name="@BeforeSuite executionStart" time="0.0">
    <ignored/>
  </testcase> <!-- @BeforeSuite executionStart -->
  <testcase classname="generics.BaseTest" name="@AfterSuite executionComplete" time="0.0">
    <ignored/>
  </testcase> <!-- @AfterSuite executionComplete -->
  <testcase classname="generics.BaseTest" name="@AfterSuite executionComplete" time="0.0">
    <ignored/>
  </testcase> <!-- @AfterSuite executionComplete -->
</testsuite> <!-- Test -->
