<?xml version="1.0" encoding="UTF-8"?>
<!-- Generated by org.testng.reporters.JUnitXMLReporter -->
<testsuite ignored="12" hostname="Sushanta" failures="0" tests="7" name="Test" time="232.418" errors="0" timestamp="2023-10-17T00:46:34 IST">
  <testcase classname="testNGtest.TC_06_DeleteLeaveTypeAndLogout" name="TC_06" time="17.521"/>
  <testcase classname="testNGtest.TC_03_CreateWorkandLogout" name="TC_03" time="22.301"/>
  <testcase classname="testNGtest.TC_07_CreateUser" name="TC_07" time="12.983"/>
  <testcase classname="testNGtest.TC_05_CreateLeaveTypeAndLogout" name="TC_05" time="14.174"/>
  <testcase classname="testNGtest.TC_01_loginAndLogout" name="loginAndLogout" time="0.001"/>
  <testcase classname="testNGtest.TC_02_CreateNewCx" name="CreateNewCx" time="13.268"/>
  <testcase classname="testNGtest.TC_04_DeleteTypeOfWork" name="TC_04_deleteTypeOfWork" time="17.14"/>
  <testcase classname="generics.BaseTest" name="@BeforeSuite executionStart" time="0.0">
    <ignored/>
  </testcase> <!-- @BeforeSuite executionStart -->
  <testcase classname="generics.BaseTest" name="@AfterSuite executionComplete" time="0.0">
    <ignored/>
  </testcase> <!-- @AfterSuite executionComplete -->
  <testcase classname="generics.BaseTest" name="@AfterSuite executionComplete" time="0.0">
    <ignored/>
  </testcase> <!-- @AfterSuite executionComplete -->
  <testcase classname="generics.BaseTest" name="@BeforeSuite executionStart" time="0.0">
    <ignored/>
  </testcase> <!-- @BeforeSuite executionStart -->
  <testcase classname="generics.BaseTest" name="@AfterSuite executionComplete" time="0.0">
    <ignored/>
  </testcase> <!-- @AfterSuite executionComplete -->
  <testcase classname="generics.BaseTest" name="@BeforeSuite executionStart" time="0.0">
    <ignored/>
  </testcase> <!-- @BeforeSuite executionStart -->
  <testcase classname="generics.BaseTest" name="@BeforeSuite executionStart" time="0.0">
    <ignored/>
  </testcase> <!-- @BeforeSuite executionStart -->
  <testcase classname="generics.BaseTest" name="@AfterSuite executionComplete" time="0.0">
    <ignored/>
  </testcase> <!-- @AfterSuite executionComplete -->
  <testcase classname="generics.BaseTest" name="@BeforeSuite executionStart" time="0.0">
    <ignored/>
  </testcase> <!-- @BeforeSuite executionStart -->
  <testcase classname="generics.BaseTest" name="@AfterSuite executionComplete" time="0.0">
    <ignored/>
  </testcase> <!-- @AfterSuite executionComplete -->
  <testcase classname="generics.BaseTest" name="@AfterSuite executionComplete" time="0.0">
    <ignored/>
  </testcase> <!-- @AfterSuite executionComplete -->
  <testcase classname="generics.BaseTest" name="@BeforeSuite executionStart" time="0.0">
    <ignored/>
  </testcase> <!-- @BeforeSuite executionStart -->
</testsuite> <!-- Test -->
