<?xml version="1.0" encoding="UTF-8"?>
<testng-results ignored="12" total="19" passed="7" failed="0" skipped="0">
  <reporter-output>
    <line>
      <![CDATA[----------Execution Started----------]]>
    </line>
    <line>
      <![CDATA[Setup Started]]>
    </line>
    <line>
      <![CDATA[Setup Started]]>
    </line>
    <line>
      <![CDATA[Setup Started]]>
    </line>
    <line>
      <![CDATA[Setup Started]]>
    </line>
    <line>
      <![CDATA[Setup Started]]>
    </line>
    <line>
      <![CDATA[logedin to application]]>
    </line>
    <line>
      <![CDATA[Setup Started]]>
    </line>
    <line>
      <![CDATA[Setup Started]]>
    </line>
    <line>
      <![CDATA[----------Execution Completed----------]]>
    </line>
  </reporter-output>
  <suite started-at="2023-10-17T00:42:41 IST" name="Suite" finished-at="2023-10-17T00:46:34 IST" duration-ms="232418">
    <groups>
    </groups>
    <test started-at="2023-10-17T00:42:41 IST" name="Test" finished-at="2023-10-17T00:46:34 IST" duration-ms="232418">
      <class name="testNGtest.TC_06_DeleteLeaveTypeAndLogout">
        <test-method is-config="true" signature="executionStart()[pri:0, instance:testNGtest.TC_06_DeleteLeaveTypeAndLogout@48f2bd5b]" started-at="2023-10-17T00:42:41 IST" name="executionStart" finished-at="2023-10-17T00:42:41 IST" duration-ms="22" status="PASS">
          <reporter-output>
            <line>
              <![CDATA[----------Execution Started----------]]>
            </line>
          </reporter-output>
        </test-method> <!-- executionStart -->
        <test-method is-config="true" signature="setup()[pri:0, instance:testNGtest.TC_06_DeleteLeaveTypeAndLogout@48f2bd5b]" started-at="2023-10-17T00:42:41 IST" name="setup" finished-at="2023-10-17T00:43:02 IST" duration-ms="20990" status="PASS">
          <reporter-output>
            <line>
              <![CDATA[Setup Started]]>
            </line>
          </reporter-output>
        </test-method> <!-- setup -->
        <test-method signature="TC_06()[pri:0, instance:testNGtest.TC_06_DeleteLeaveTypeAndLogout@48f2bd5b]" started-at="2023-10-17T00:43:02 IST" name="TC_06" finished-at="2023-10-17T00:43:20 IST" duration-ms="17521" status="PASS">
          <reporter-output>
          </reporter-output>
        </test-method> <!-- TC_06 -->
        <test-method is-config="true" signature="teardown()[pri:0, instance:testNGtest.TC_06_DeleteLeaveTypeAndLogout@48f2bd5b]" started-at="2023-10-17T00:43:20 IST" name="teardown" finished-at="2023-10-17T00:43:20 IST" duration-ms="183" status="PASS">
          <reporter-output>
          </reporter-output>
        </test-method> <!-- teardown -->
        <test-method is-config="true" signature="executionComplete()[pri:0, instance:testNGtest.TC_06_DeleteLeaveTypeAndLogout@48f2bd5b]" started-at="2023-10-17T00:46:34 IST" name="executionComplete" finished-at="2023-10-17T00:46:34 IST" duration-ms="0" status="PASS">
          <reporter-output>
            <line>
              <![CDATA[----------Execution Completed----------]]>
            </line>
          </reporter-output>
        </test-method> <!-- executionComplete -->
      </class> <!-- testNGtest.TC_06_DeleteLeaveTypeAndLogout -->
      <class name="testNGtest.TC_01_loginAndLogout">
        <test-method is-config="true" signature="setup()[pri:0, instance:testNGtest.TC_01_loginAndLogout@14cd1699]" started-at="2023-10-17T00:45:08 IST" name="setup" finished-at="2023-10-17T00:45:27 IST" duration-ms="18720" status="PASS">
          <reporter-output>
            <line>
              <![CDATA[Setup Started]]>
            </line>
          </reporter-output>
        </test-method> <!-- setup -->
        <test-method signature="loginAndLogout()[pri:0, instance:testNGtest.TC_01_loginAndLogout@14cd1699]" started-at="2023-10-17T00:45:27 IST" name="loginAndLogout" finished-at="2023-10-17T00:45:27 IST" duration-ms="1" status="PASS">
          <reporter-output>
            <line>
              <![CDATA[logedin to application]]>
            </line>
          </reporter-output>
        </test-method> <!-- loginAndLogout -->
        <test-method is-config="true" signature="teardown()[pri:0, instance:testNGtest.TC_01_loginAndLogout@14cd1699]" started-at="2023-10-17T00:45:27 IST" name="teardown" finished-at="2023-10-17T00:45:27 IST" duration-ms="258" status="PASS">
          <reporter-output>
          </reporter-output>
        </test-method> <!-- teardown -->
      </class> <!-- testNGtest.TC_01_loginAndLogout -->
      <class name="testNGtest.TC_02_CreateNewCx">
        <test-method is-config="true" signature="setup()[pri:0, instance:testNGtest.TC_02_CreateNewCx@77888435]" started-at="2023-10-17T00:45:27 IST" name="setup" finished-at="2023-10-17T00:45:46 IST" duration-ms="18419" status="PASS">
          <reporter-output>
            <line>
              <![CDATA[Setup Started]]>
            </line>
          </reporter-output>
        </test-method> <!-- setup -->
        <test-method signature="CreateNewCx()[pri:0, instance:testNGtest.TC_02_CreateNewCx@77888435]" started-at="2023-10-17T00:45:46 IST" name="CreateNewCx" finished-at="2023-10-17T00:45:59 IST" duration-ms="13268" status="PASS">
          <reporter-output>
          </reporter-output>
        </test-method> <!-- CreateNewCx -->
        <test-method is-config="true" signature="teardown()[pri:0, instance:testNGtest.TC_02_CreateNewCx@77888435]" started-at="2023-10-17T00:45:59 IST" name="teardown" finished-at="2023-10-17T00:45:59 IST" duration-ms="188" status="PASS">
          <reporter-output>
          </reporter-output>
        </test-method> <!-- teardown -->
      </class> <!-- testNGtest.TC_02_CreateNewCx -->
      <class name="testNGtest.TC_05_CreateLeaveTypeAndLogout">
        <test-method is-config="true" signature="setup()[pri:0, instance:testNGtest.TC_05_CreateLeaveTypeAndLogout@76505305]" started-at="2023-10-17T00:44:34 IST" name="setup" finished-at="2023-10-17T00:44:54 IST" duration-ms="19836" status="PASS">
          <reporter-output>
            <line>
              <![CDATA[Setup Started]]>
            </line>
          </reporter-output>
        </test-method> <!-- setup -->
        <test-method signature="TC_05()[pri:0, instance:testNGtest.TC_05_CreateLeaveTypeAndLogout@76505305]" started-at="2023-10-17T00:44:54 IST" name="TC_05" finished-at="2023-10-17T00:45:08 IST" duration-ms="14174" status="PASS">
          <reporter-output>
          </reporter-output>
        </test-method> <!-- TC_05 -->
        <test-method is-config="true" signature="teardown()[pri:0, instance:testNGtest.TC_05_CreateLeaveTypeAndLogout@76505305]" started-at="2023-10-17T00:45:08 IST" name="teardown" finished-at="2023-10-17T00:45:08 IST" duration-ms="281" status="PASS">
          <reporter-output>
          </reporter-output>
        </test-method> <!-- teardown -->
      </class> <!-- testNGtest.TC_05_CreateLeaveTypeAndLogout -->
      <class name="testNGtest.TC_07_CreateUser">
        <test-method is-config="true" signature="setup()[pri:0, instance:testNGtest.TC_07_CreateUser@4218d6a3]" started-at="2023-10-17T00:44:03 IST" name="setup" finished-at="2023-10-17T00:44:21 IST" duration-ms="18318" status="PASS">
          <reporter-output>
            <line>
              <![CDATA[Setup Started]]>
            </line>
          </reporter-output>
        </test-method> <!-- setup -->
        <test-method signature="TC_07()[pri:0, instance:testNGtest.TC_07_CreateUser@4218d6a3]" started-at="2023-10-17T00:44:21 IST" name="TC_07" finished-at="2023-10-17T00:44:34 IST" duration-ms="12983" status="PASS">
          <reporter-output>
          </reporter-output>
        </test-method> <!-- TC_07 -->
        <test-method is-config="true" signature="teardown()[pri:0, instance:testNGtest.TC_07_CreateUser@4218d6a3]" started-at="2023-10-17T00:44:34 IST" name="teardown" finished-at="2023-10-17T00:44:34 IST" duration-ms="178" status="PASS">
          <reporter-output>
          </reporter-output>
        </test-method> <!-- teardown -->
      </class> <!-- testNGtest.TC_07_CreateUser -->
      <class name="testNGtest.TC_03_CreateWorkandLogout">
        <test-method is-config="true" signature="setup()[pri:0, instance:testNGtest.TC_03_CreateWorkandLogout@5656be13]" started-at="2023-10-17T00:43:20 IST" name="setup" finished-at="2023-10-17T00:43:40 IST" duration-ms="20136" status="PASS">
          <reporter-output>
            <line>
              <![CDATA[Setup Started]]>
            </line>
          </reporter-output>
        </test-method> <!-- setup -->
        <test-method signature="TC_03()[pri:0, instance:testNGtest.TC_03_CreateWorkandLogout@5656be13]" started-at="2023-10-17T00:43:40 IST" name="TC_03" finished-at="2023-10-17T00:44:02 IST" duration-ms="22301" status="PASS">
          <reporter-output>
          </reporter-output>
        </test-method> <!-- TC_03 -->
        <test-method is-config="true" signature="teardown()[pri:0, instance:testNGtest.TC_03_CreateWorkandLogout@5656be13]" started-at="2023-10-17T00:44:02 IST" name="teardown" finished-at="2023-10-17T00:44:03 IST" duration-ms="235" status="PASS">
          <reporter-output>
          </reporter-output>
        </test-method> <!-- teardown -->
      </class> <!-- testNGtest.TC_03_CreateWorkandLogout -->
      <class name="testNGtest.TC_04_DeleteTypeOfWork">
        <test-method is-config="true" signature="setup()[pri:0, instance:testNGtest.TC_04_DeleteTypeOfWork@73a1e9a9]" started-at="2023-10-17T00:45:59 IST" name="setup" finished-at="2023-10-17T00:46:16 IST" duration-ms="17032" status="PASS">
          <reporter-output>
            <line>
              <![CDATA[Setup Started]]>
            </line>
          </reporter-output>
        </test-method> <!-- setup -->
        <test-method signature="TC_04_deleteTypeOfWork()[pri:0, instance:testNGtest.TC_04_DeleteTypeOfWork@73a1e9a9]" started-at="2023-10-17T00:46:16 IST" name="TC_04_deleteTypeOfWork" finished-at="2023-10-17T00:46:33 IST" duration-ms="17140" status="PASS">
          <reporter-output>
          </reporter-output>
        </test-method> <!-- TC_04_deleteTypeOfWork -->
        <test-method is-config="true" signature="teardown()[pri:0, instance:testNGtest.TC_04_DeleteTypeOfWork@73a1e9a9]" started-at="2023-10-17T00:46:33 IST" name="teardown" finished-at="2023-10-17T00:46:34 IST" duration-ms="185" status="PASS">
          <reporter-output>
          </reporter-output>
        </test-method> <!-- teardown -->
      </class> <!-- testNGtest.TC_04_DeleteTypeOfWork -->
    </test> <!-- Test -->
  </suite> <!-- Suite -->
</testng-results>
