<?xml version="1.0" encoding="UTF-8"?>
<testng-results ignored="12" total="19" passed="7" failed="0" skipped="0">
  <reporter-output>
    <line>
      <![CDATA[----------Execution Started----------]]>
    </line>
    <line>
      <![CDATA[Setup Started]]>
    </line>
    <line>
      <![CDATA[Setup Started]]>
    </line>
    <line>
      <![CDATA[Setup Started]]>
    </line>
    <line>
      <![CDATA[Setup Started]]>
    </line>
    <line>
      <![CDATA[Setup Started]]>
    </line>
    <line>
      <![CDATA[logedin to application]]>
    </line>
    <line>
      <![CDATA[Setup Started]]>
    </line>
    <line>
      <![CDATA[Setup Started]]>
    </line>
    <line>
      <![CDATA[----------Execution Completed----------]]>
    </line>
  </reporter-output>
  <suite started-at="2023-10-16T22:08:25 IST" name="Suite" finished-at="2023-10-16T22:11:45 IST" duration-ms="199893">
    <groups>
    </groups>
    <test started-at="2023-10-16T22:08:25 IST" name="Test" finished-at="2023-10-16T22:11:45 IST" duration-ms="199893">
      <class name="testNGtest.TC_06_DeleteLeaveTypeAndLogout">
        <test-method is-config="true" signature="executionStart()[pri:0, instance:testNGtest.TC_06_DeleteLeaveTypeAndLogout@173ed316]" started-at="2023-10-16T22:08:25 IST" name="executionStart" finished-at="2023-10-16T22:08:25 IST" duration-ms="18" status="PASS">
          <reporter-output>
            <line>
              <![CDATA[----------Execution Started----------]]>
            </line>
          </reporter-output>
        </test-method> <!-- executionStart -->
        <test-method is-config="true" signature="setup()[pri:0, instance:testNGtest.TC_06_DeleteLeaveTypeAndLogout@173ed316]" started-at="2023-10-16T22:08:25 IST" name="setup" finished-at="2023-10-16T22:08:46 IST" duration-ms="21113" status="PASS">
          <reporter-output>
            <line>
              <![CDATA[Setup Started]]>
            </line>
          </reporter-output>
        </test-method> <!-- setup -->
        <test-method signature="TC_06()[pri:0, instance:testNGtest.TC_06_DeleteLeaveTypeAndLogout@173ed316]" started-at="2023-10-16T22:08:46 IST" name="TC_06" finished-at="2023-10-16T22:08:58 IST" duration-ms="11896" status="PASS">
          <reporter-output>
          </reporter-output>
        </test-method> <!-- TC_06 -->
        <test-method is-config="true" signature="teardown()[pri:0, instance:testNGtest.TC_06_DeleteLeaveTypeAndLogout@173ed316]" started-at="2023-10-16T22:08:58 IST" name="teardown" finished-at="2023-10-16T22:08:58 IST" duration-ms="325" status="PASS">
          <reporter-output>
          </reporter-output>
        </test-method> <!-- teardown -->
        <test-method is-config="true" signature="executionComplete()[pri:0, instance:testNGtest.TC_06_DeleteLeaveTypeAndLogout@173ed316]" started-at="2023-10-16T22:11:45 IST" name="executionComplete" finished-at="2023-10-16T22:11:45 IST" duration-ms="0" status="PASS">
          <reporter-output>
            <line>
              <![CDATA[----------Execution Completed----------]]>
            </line>
          </reporter-output>
        </test-method> <!-- executionComplete -->
      </class> <!-- testNGtest.TC_06_DeleteLeaveTypeAndLogout -->
      <class name="testNGtest.TC_01_loginAndLogout">
        <test-method is-config="true" signature="setup()[pri:0, instance:testNGtest.TC_01_loginAndLogout@543295b0]" started-at="2023-10-16T22:10:27 IST" name="setup" finished-at="2023-10-16T22:10:44 IST" duration-ms="17085" status="PASS">
          <reporter-output>
            <line>
              <![CDATA[Setup Started]]>
            </line>
          </reporter-output>
        </test-method> <!-- setup -->
        <test-method signature="loginAndLogout()[pri:0, instance:testNGtest.TC_01_loginAndLogout@543295b0]" started-at="2023-10-16T22:10:44 IST" name="loginAndLogout" finished-at="2023-10-16T22:10:44 IST" duration-ms="2" status="PASS">
          <reporter-output>
            <line>
              <![CDATA[logedin to application]]>
            </line>
          </reporter-output>
        </test-method> <!-- loginAndLogout -->
        <test-method is-config="true" signature="teardown()[pri:0, instance:testNGtest.TC_01_loginAndLogout@543295b0]" started-at="2023-10-16T22:10:44 IST" name="teardown" finished-at="2023-10-16T22:10:44 IST" duration-ms="242" status="PASS">
          <reporter-output>
          </reporter-output>
        </test-method> <!-- teardown -->
      </class> <!-- testNGtest.TC_01_loginAndLogout -->
      <class name="testNGtest.TC_02_CreateNewCx">
        <test-method is-config="true" signature="setup()[pri:0, instance:testNGtest.TC_02_CreateNewCx@54422e18]" started-at="2023-10-16T22:10:44 IST" name="setup" finished-at="2023-10-16T22:11:01 IST" duration-ms="16620" status="PASS">
          <reporter-output>
            <line>
              <![CDATA[Setup Started]]>
            </line>
          </reporter-output>
        </test-method> <!-- setup -->
        <test-method signature="CreateNewCx()[pri:0, instance:testNGtest.TC_02_CreateNewCx@54422e18]" started-at="2023-10-16T22:11:01 IST" name="CreateNewCx" finished-at="2023-10-16T22:11:12 IST" duration-ms="10995" status="PASS">
          <reporter-output>
          </reporter-output>
        </test-method> <!-- CreateNewCx -->
        <test-method is-config="true" signature="teardown()[pri:0, instance:testNGtest.TC_02_CreateNewCx@54422e18]" started-at="2023-10-16T22:11:12 IST" name="teardown" finished-at="2023-10-16T22:11:12 IST" duration-ms="314" status="PASS">
          <reporter-output>
          </reporter-output>
        </test-method> <!-- teardown -->
      </class> <!-- testNGtest.TC_02_CreateNewCx -->
      <class name="testNGtest.TC_05_CreateLeaveTypeAndLogout">
        <test-method is-config="true" signature="setup()[pri:0, instance:testNGtest.TC_05_CreateLeaveTypeAndLogout@563f38c4]" started-at="2023-10-16T22:09:59 IST" name="setup" finished-at="2023-10-16T22:10:15 IST" duration-ms="16324" status="PASS">
          <reporter-output>
            <line>
              <![CDATA[Setup Started]]>
            </line>
          </reporter-output>
        </test-method> <!-- setup -->
        <test-method signature="TC_05()[pri:0, instance:testNGtest.TC_05_CreateLeaveTypeAndLogout@563f38c4]" started-at="2023-10-16T22:10:15 IST" name="TC_05" finished-at="2023-10-16T22:10:26 IST" duration-ms="11213" status="PASS">
          <reporter-output>
          </reporter-output>
        </test-method> <!-- TC_05 -->
        <test-method is-config="true" signature="teardown()[pri:0, instance:testNGtest.TC_05_CreateLeaveTypeAndLogout@563f38c4]" started-at="2023-10-16T22:10:26 IST" name="teardown" finished-at="2023-10-16T22:10:27 IST" duration-ms="836" status="PASS">
          <reporter-output>
          </reporter-output>
        </test-method> <!-- teardown -->
      </class> <!-- testNGtest.TC_05_CreateLeaveTypeAndLogout -->
      <class name="testNGtest.TC_07_CreateUser">
        <test-method is-config="true" signature="setup()[pri:0, instance:testNGtest.TC_07_CreateUser@3e8c3cb]" started-at="2023-10-16T22:09:30 IST" name="setup" finished-at="2023-10-16T22:09:46 IST" duration-ms="15970" status="PASS">
          <reporter-output>
            <line>
              <![CDATA[Setup Started]]>
            </line>
          </reporter-output>
        </test-method> <!-- setup -->
        <test-method signature="TC_07()[pri:0, instance:testNGtest.TC_07_CreateUser@3e8c3cb]" started-at="2023-10-16T22:09:46 IST" name="TC_07" finished-at="2023-10-16T22:09:58 IST" duration-ms="12335" status="PASS">
          <reporter-output>
          </reporter-output>
        </test-method> <!-- TC_07 -->
        <test-method is-config="true" signature="teardown()[pri:0, instance:testNGtest.TC_07_CreateUser@3e8c3cb]" started-at="2023-10-16T22:09:58 IST" name="teardown" finished-at="2023-10-16T22:09:59 IST" duration-ms="308" status="PASS">
          <reporter-output>
          </reporter-output>
        </test-method> <!-- teardown -->
      </class> <!-- testNGtest.TC_07_CreateUser -->
      <class name="testNGtest.TC_03_CreateWorkandLogout">
        <test-method is-config="true" signature="setup()[pri:0, instance:testNGtest.TC_03_CreateWorkandLogout@793f29ff]" started-at="2023-10-16T22:08:58 IST" name="setup" finished-at="2023-10-16T22:09:15 IST" duration-ms="16346" status="PASS">
          <reporter-output>
            <line>
              <![CDATA[Setup Started]]>
            </line>
          </reporter-output>
        </test-method> <!-- setup -->
        <test-method signature="TC_03()[pri:0, instance:testNGtest.TC_03_CreateWorkandLogout@793f29ff]" started-at="2023-10-16T22:09:15 IST" name="TC_03" finished-at="2023-10-16T22:09:30 IST" duration-ms="15116" status="PASS">
          <reporter-output>
          </reporter-output>
        </test-method> <!-- TC_03 -->
        <test-method is-config="true" signature="teardown()[pri:0, instance:testNGtest.TC_03_CreateWorkandLogout@793f29ff]" started-at="2023-10-16T22:09:30 IST" name="teardown" finished-at="2023-10-16T22:09:30 IST" duration-ms="377" status="PASS">
          <reporter-output>
          </reporter-output>
        </test-method> <!-- teardown -->
      </class> <!-- testNGtest.TC_03_CreateWorkandLogout -->
      <class name="testNGtest.TC_04_DeleteTypeOfWork">
        <test-method is-config="true" signature="setup()[pri:0, instance:testNGtest.TC_04_DeleteTypeOfWork@117159c0]" started-at="2023-10-16T22:11:12 IST" name="setup" finished-at="2023-10-16T22:11:29 IST" duration-ms="16645" status="PASS">
          <reporter-output>
            <line>
              <![CDATA[Setup Started]]>
            </line>
          </reporter-output>
        </test-method> <!-- setup -->
        <test-method signature="TC_04_deleteTypeOfWork()[pri:0, instance:testNGtest.TC_04_DeleteTypeOfWork@117159c0]" started-at="2023-10-16T22:11:29 IST" name="TC_04_deleteTypeOfWork" finished-at="2023-10-16T22:11:44 IST" duration-ms="15306" status="PASS">
          <reporter-output>
          </reporter-output>
        </test-method> <!-- TC_04_deleteTypeOfWork -->
        <test-method is-config="true" signature="teardown()[pri:0, instance:testNGtest.TC_04_DeleteTypeOfWork@117159c0]" started-at="2023-10-16T22:11:44 IST" name="teardown" finished-at="2023-10-16T22:11:45 IST" duration-ms="423" status="PASS">
          <reporter-output>
          </reporter-output>
        </test-method> <!-- teardown -->
      </class> <!-- testNGtest.TC_04_DeleteTypeOfWork -->
    </test> <!-- Test -->
  </suite> <!-- Suite -->
</testng-results>
